<?xml version="1.0" encoding="UTF-8"?>
<testsuites name="AutomationTest" time="73" tests="1" failures="0" errors="0">
   <testsuite name="AutomationTest" tests="1" failures="0" errors="0" time="73" timestamp="2018-01-03 19:37:23" hostname="ENguli - LTTECH1550.safaricom.net" id="Test Suites/AutomationTest">
      <properties>
         <property name="deviceName" value=""/>
         <property name="devicePlatform" value=""/>
         <property name="logFolder" value="C:\\Users\\enguli\\Katalon Studio\\ExecuteAutomationDemo\\Reports\\AutomationTest\\20180103_193719"/>
         <property name="logFiles" value="C:\\Users\\enguli\\Katalon Studio\\ExecuteAutomationDemo\\Reports\\AutomationTest\\20180103_193719\\execution0.log"/>
         <property name="attachments" value=""/>
         <property name="hostName" value="ENguli - LTTECH1550.safaricom.net"/>
         <property name="os" value="Windows 7 64bit"/>
         <property name="katalonVersion" value="5.2.0.1"/>
         <property name="browser" value="Firefox 54.0"/>
         <property name="hostAddress" value="192.168.43.131"/>
         <property name="sessionId" value="581d657f-f4a5-428f-9bb4-fd4e10540ffc"/>
         <property name="seleniumVersion" value="3.7.1"/>
         <property name="proxyInformation" value="ProxyInformation{proxyOption=NO_PROXY, proxyServerType=, password=, proxyServerAddress=, proxyServerPort=0}"/>
         <property name="platform" value="Windows 7"/>
      </properties>
      <testcase name="Test Cases/New Test Case" classname="Test Cases/New Test Case" status="PASSED">
         <system-out><![CDATA[2018-01-03 19:37:23 - [TEST_CASE][PASSED] - Test Cases/New Test Case: Test Cases/New Test Case

2018-01-03 19:37:25 - [TEST_STEP][PASSED] - Statement - row = <not implemented yet for class: org.codehaus.groovy.ast.expr.EmptyExpression>: null

2018-01-03 19:37:25 - [TEST_STEP][PASSED] - Statement - For ([row = 1, row <= com.kms.katalon.core.testdata.TestDataFactory.findTestData(New Test Data for Test Case).getRowNumbers(), (row++)]): Reading excel file with source file 'D:\QA\Book1.xlsx' and sheet name 'Sheet1'

2018-01-03 19:37:28 - [TEST_STEP][PASSED] - openBrowser: Browser is opened with url: ''

2018-01-03 19:38:01 - [MESSAGE][PASSED] - Browser is opened with url: ''

2018-01-03 19:38:01 - [TEST_STEP][PASSED] - navigateToUrl: Navigate to 'http://executeautomation.com/demosite/Login.html' successfully

2018-01-03 19:38:04 - [MESSAGE][PASSED] - Navigate to 'http://executeautomation.com/demosite/Login.html' successfully

2018-01-03 19:38:04 - [TEST_STEP][PASSED] - Statement - Login(com.kms.katalon.core.testdata.TestDataFactory.findTestData(New Test Data for Test Case).getValue("UserName", row), com.kms.katalon.core.testdata.TestDataFactory.findTestData(New Test Data for Test Case).getValue("Password", row)): Reading excel file with source file 'D:\QA\Book1.xlsx' and sheet name 'Sheet1'

2018-01-03 19:38:05 - [TEST_STEP][PASSED] - setText: Text 'admin' is set on object 'Object Repository/Page_Execute Automation/input_UserName'

2018-01-03 19:38:06 - [MESSAGE][PASSED] - Text 'admin' is set on object 'Object Repository/Page_Execute Automation/input_UserName'

2018-01-03 19:38:06 - [TEST_STEP][PASSED] - setText: Reading excel file with source file 'D:\QA\Book1.xlsx' and sheet name 'Sheet1'

2018-01-03 19:38:06 - [MESSAGE][PASSED] - Text 'admin' is set on object 'Object Repository/Page_Execute Automation/input_Password'

2018-01-03 19:38:06 - [TEST_STEP][PASSED] - click: Object: 'Object Repository/Page_Execute Automation/input_Login' is clicked on

2018-01-03 19:38:08 - [MESSAGE][PASSED] - Object: 'Object Repository/Page_Execute Automation/input_Login' is clicked on

2018-01-03 19:38:08 - [TEST_STEP][PASSED] - selectOptionByValue: All options with value '2' are selected in object 'Object Repository/Page_Execute Automation/select_TitleId'  using regular expression

2018-01-03 19:38:09 - [MESSAGE][PASSED] - All options with value '2' are selected in object 'Object Repository/Page_Execute Automation/select_TitleId'  using regular expression

2018-01-03 19:38:09 - [TEST_STEP][PASSED] - setText: Text 'LL' is set on object 'Object Repository/Page_Execute Automation/input_Initial'

2018-01-03 19:38:09 - [MESSAGE][PASSED] - Text 'LL' is set on object 'Object Repository/Page_Execute Automation/input_Initial'

2018-01-03 19:38:09 - [TEST_STEP][PASSED] - com.lisa.utilities.CommonUtilities.CheckDropDownListElementExist: com.lisa.utilities.CommonUtilities.CheckDropDownListElementExist is PASSED

2018-01-03 19:38:10 - [MESSAGE][PASSED] - com.lisa.utilities.CommonUtilities.CheckDropDownListElementExist is PASSED

2018-01-03 19:38:10 - [TEST_STEP][PASSED] - setText: Text 'Lisa' is set on object 'Object Repository/Page_Execute Automation/input_FirstName'

2018-01-03 19:38:10 - [MESSAGE][PASSED] - Text 'Lisa' is set on object 'Object Repository/Page_Execute Automation/input_FirstName'

2018-01-03 19:38:10 - [TEST_STEP][PASSED] - setText: Text 'Automation' is set on object 'Object Repository/Page_Execute Automation/input_MiddleName'

2018-01-03 19:38:10 - [MESSAGE][PASSED] - Text 'Automation' is set on object 'Object Repository/Page_Execute Automation/input_MiddleName'

2018-01-03 19:38:10 - [TEST_STEP][PASSED] - click: Object: 'Object Repository/Page_Execute Automation/input_Female' is clicked on

2018-01-03 19:38:11 - [MESSAGE][PASSED] - Object: 'Object Repository/Page_Execute Automation/input_Female' is clicked on

2018-01-03 19:38:11 - [TEST_STEP][PASSED] - click: Object: 'Object Repository/Page_Execute Automation/input_Save' is clicked on

2018-01-03 19:38:13 - [MESSAGE][PASSED] - Object: 'Object Repository/Page_Execute Automation/input_Save' is clicked on

2018-01-03 19:38:13 - [TEST_STEP][PASSED] - click: Object: 'Object Repository/Page_Execute Automation/a_HtmlPopup' is clicked on

2018-01-03 19:38:14 - [MESSAGE][PASSED] - Object: 'Object Repository/Page_Execute Automation/a_HtmlPopup' is clicked on

2018-01-03 19:38:14 - [TEST_STEP][PASSED] - switchToWindowTitle: Switched to window with title: 'Popup Window'

2018-01-03 19:38:14 - [MESSAGE][PASSED] - Switched to window with title: 'Popup Window'

2018-01-03 19:38:14 - [TEST_STEP][PASSED] - selectOptionByValue: All options with value '2' are selected in object 'Object Repository/Page_Popup Window/select_TitleId'  using regular expression

2018-01-03 19:38:15 - [MESSAGE][PASSED] - All options with value '2' are selected in object 'Object Repository/Page_Popup Window/select_TitleId'  using regular expression

2018-01-03 19:38:15 - [TEST_STEP][PASSED] - setText: Text 'Merc' is set on object 'Object Repository/Page_Popup Window/input_FirstName'

2018-01-03 19:38:16 - [MESSAGE][PASSED] - Text 'Merc' is set on object 'Object Repository/Page_Popup Window/input_FirstName'

2018-01-03 19:38:16 - [TEST_STEP][PASSED] - setText: Text 'mm' is set on object 'Object Repository/Page_Popup Window/input_MiddleName'

2018-01-03 19:38:16 - [MESSAGE][PASSED] - Text 'mm' is set on object 'Object Repository/Page_Popup Window/input_MiddleName'

2018-01-03 19:38:16 - [TEST_STEP][PASSED] - setText: Text 'mm' is set on object 'Object Repository/Page_Popup Window/input_LastName'

2018-01-03 19:38:16 - [MESSAGE][PASSED] - Text 'mm' is set on object 'Object Repository/Page_Popup Window/input_LastName'

2018-01-03 19:38:16 - [TEST_STEP][PASSED] - setText: Text 'mm' is set on object 'Object Repository/Page_Popup Window/input_Initial'

2018-01-03 19:38:16 - [MESSAGE][PASSED] - Text 'mm' is set on object 'Object Repository/Page_Popup Window/input_Initial'

2018-01-03 19:38:16 - [TEST_STEP][PASSED] - selectOptionByValue: All options with value '4' are selected in object 'Object Repository/Page_Popup Window/select_Country'  using regular expression

2018-01-03 19:38:17 - [MESSAGE][PASSED] - All options with value '4' are selected in object 'Object Repository/Page_Popup Window/select_Country'  using regular expression

2018-01-03 19:38:17 - [TEST_STEP][PASSED] - click: Object: 'Object Repository/Page_Popup Window/input_Save' is clicked on

2018-01-03 19:38:17 - [MESSAGE][PASSED] - Object: 'Object Repository/Page_Popup Window/input_Save' is clicked on

2018-01-03 19:38:17 - [TEST_STEP][PASSED] - switchToWindowTitle: Switched to window with title: 'Execute Automation'

2018-01-03 19:38:17 - [MESSAGE][PASSED] - Switched to window with title: 'Execute Automation'

2018-01-03 19:38:17 - [TEST_STEP][PASSED] - click: Object: 'Object Repository/Page_Execute Automation/input_generate' is clicked on

2018-01-03 19:38:17 - [MESSAGE][PASSED] - Object: 'Object Repository/Page_Execute Automation/input_generate' is clicked on

2018-01-03 19:38:18 - [TEST_STEP][PASSED] - openBrowser: Browser is opened with url: ''

2018-01-03 19:38:18 - [MESSAGE][WARNING] - A browser is already opened. Closing browser and opening a new one

2018-01-03 19:38:27 - [MESSAGE][PASSED] - Browser is opened with url: ''

2018-01-03 19:38:27 - [TEST_STEP][PASSED] - navigateToUrl: Navigate to 'http://executeautomation.com/demosite/Login.html' successfully

2018-01-03 19:38:29 - [MESSAGE][PASSED] - Navigate to 'http://executeautomation.com/demosite/Login.html' successfully

2018-01-03 19:38:29 - [TEST_STEP][PASSED] - Statement - Login(com.kms.katalon.core.testdata.TestDataFactory.findTestData(New Test Data for Test Case).getValue("UserName", row), com.kms.katalon.core.testdata.TestDataFactory.findTestData(New Test Data for Test Case).getValue("Password", row)): Reading excel file with source file 'D:\QA\Book1.xlsx' and sheet name 'Sheet1'

2018-01-03 19:38:29 - [TEST_STEP][PASSED] - setText: Text 'admin1' is set on object 'Object Repository/Page_Execute Automation/input_UserName'

2018-01-03 19:38:30 - [MESSAGE][PASSED] - Text 'admin1' is set on object 'Object Repository/Page_Execute Automation/input_UserName'

2018-01-03 19:38:30 - [TEST_STEP][PASSED] - setText: Object: 'Object Repository/Page_Execute Automation/input_generate' is clicked on

2018-01-03 19:38:31 - [MESSAGE][PASSED] - Text 'admin1' is set on object 'Object Repository/Page_Execute Automation/input_Password'

2018-01-03 19:38:31 - [TEST_STEP][PASSED] - click: Object: 'Object Repository/Page_Execute Automation/input_Login' is clicked on

2018-01-03 19:38:31 - [MESSAGE][PASSED] - Object: 'Object Repository/Page_Execute Automation/input_Login' is clicked on

2018-01-03 19:38:31 - [TEST_STEP][PASSED] - selectOptionByValue: All options with value '2' are selected in object 'Object Repository/Page_Execute Automation/select_TitleId'  using regular expression

2018-01-03 19:38:32 - [MESSAGE][PASSED] - All options with value '2' are selected in object 'Object Repository/Page_Execute Automation/select_TitleId'  using regular expression

2018-01-03 19:38:32 - [TEST_STEP][PASSED] - setText: Text 'LL1' is set on object 'Object Repository/Page_Execute Automation/input_Initial'

2018-01-03 19:38:32 - [MESSAGE][PASSED] - Text 'LL1' is set on object 'Object Repository/Page_Execute Automation/input_Initial'

2018-01-03 19:38:32 - [TEST_STEP][PASSED] - com.lisa.utilities.CommonUtilities.CheckDropDownListElementExist: com.lisa.utilities.CommonUtilities.CheckDropDownListElementExist is PASSED

2018-01-03 19:38:32 - [MESSAGE][PASSED] - com.lisa.utilities.CommonUtilities.CheckDropDownListElementExist is PASSED

2018-01-03 19:38:32 - [TEST_STEP][PASSED] - setText: Text 'Lisa1' is set on object 'Object Repository/Page_Execute Automation/input_FirstName'

2018-01-03 19:38:33 - [MESSAGE][PASSED] - Text 'Lisa1' is set on object 'Object Repository/Page_Execute Automation/input_FirstName'

2018-01-03 19:38:33 - [TEST_STEP][PASSED] - setText: Text 'Automation1' is set on object 'Object Repository/Page_Execute Automation/input_MiddleName'

2018-01-03 19:38:33 - [MESSAGE][PASSED] - Text 'Automation1' is set on object 'Object Repository/Page_Execute Automation/input_MiddleName'

2018-01-03 19:38:33 - [TEST_STEP][PASSED] - click: Object: 'Object Repository/Page_Execute Automation/input_Female' is clicked on

2018-01-03 19:38:33 - [MESSAGE][PASSED] - Object: 'Object Repository/Page_Execute Automation/input_Female' is clicked on

2018-01-03 19:38:33 - [TEST_STEP][PASSED] - click: Object: 'Object Repository/Page_Execute Automation/input_Save' is clicked on

2018-01-03 19:38:33 - [MESSAGE][PASSED] - Object: 'Object Repository/Page_Execute Automation/input_Save' is clicked on

2018-01-03 19:38:33 - [TEST_STEP][PASSED] - click: Object: 'Object Repository/Page_Execute Automation/a_HtmlPopup' is clicked on

2018-01-03 19:38:33 - [MESSAGE][PASSED] - Object: 'Object Repository/Page_Execute Automation/a_HtmlPopup' is clicked on

2018-01-03 19:38:33 - [TEST_STEP][PASSED] - switchToWindowTitle: Switched to window with title: 'Popup Window'

2018-01-03 19:38:34 - [MESSAGE][PASSED] - Switched to window with title: 'Popup Window'

2018-01-03 19:38:34 - [TEST_STEP][PASSED] - selectOptionByValue: All options with value '2' are selected in object 'Object Repository/Page_Popup Window/select_TitleId'  using regular expression

2018-01-03 19:38:34 - [MESSAGE][PASSED] - All options with value '2' are selected in object 'Object Repository/Page_Popup Window/select_TitleId'  using regular expression

2018-01-03 19:38:34 - [TEST_STEP][PASSED] - setText: Text 'Merc' is set on object 'Object Repository/Page_Popup Window/input_FirstName'

2018-01-03 19:38:35 - [MESSAGE][PASSED] - Text 'Merc' is set on object 'Object Repository/Page_Popup Window/input_FirstName'

2018-01-03 19:38:35 - [TEST_STEP][PASSED] - setText: Text 'mm' is set on object 'Object Repository/Page_Popup Window/input_MiddleName'

2018-01-03 19:38:35 - [MESSAGE][PASSED] - Text 'mm' is set on object 'Object Repository/Page_Popup Window/input_MiddleName'

2018-01-03 19:38:35 - [TEST_STEP][PASSED] - setText: Text 'mm' is set on object 'Object Repository/Page_Popup Window/input_LastName'

2018-01-03 19:38:35 - [MESSAGE][PASSED] - Text 'mm' is set on object 'Object Repository/Page_Popup Window/input_LastName'

2018-01-03 19:38:35 - [TEST_STEP][PASSED] - setText: Text 'mm' is set on object 'Object Repository/Page_Popup Window/input_Initial'

2018-01-03 19:38:35 - [MESSAGE][PASSED] - Text 'mm' is set on object 'Object Repository/Page_Popup Window/input_Initial'

2018-01-03 19:38:35 - [TEST_STEP][PASSED] - selectOptionByValue: All options with value '4' are selected in object 'Object Repository/Page_Popup Window/select_Country'  using regular expression

2018-01-03 19:38:35 - [MESSAGE][PASSED] - All options with value '4' are selected in object 'Object Repository/Page_Popup Window/select_Country'  using regular expression

2018-01-03 19:38:35 - [TEST_STEP][PASSED] - click: Object: 'Object Repository/Page_Popup Window/input_Save' is clicked on

2018-01-03 19:38:35 - [MESSAGE][PASSED] - Object: 'Object Repository/Page_Popup Window/input_Save' is clicked on

2018-01-03 19:38:35 - [TEST_STEP][PASSED] - switchToWindowTitle: Switched to window with title: 'Execute Automation'

2018-01-03 19:38:35 - [MESSAGE][PASSED] - Switched to window with title: 'Execute Automation'

2018-01-03 19:38:35 - [TEST_STEP][PASSED] - click: Object: 'Object Repository/Page_Execute Automation/input_generate' is clicked on

2018-01-03 19:38:36 - [MESSAGE][PASSED] - Object: 'Object Repository/Page_Execute Automation/input_generate' is clicked on]]></system-out>
         <system-err><![CDATA[]]></system-err>
      </testcase>
      <system-out><![CDATA[2018-01-03 19:37:23 - [TEST_SUITE][PASSED] - AutomationTest: Test Cases/New Test Case]]></system-out>
      <system-err><![CDATA[]]></system-err>
   </testsuite>
</testsuites>
