<?xml version="1.0" encoding="UTF-8"?>
<testsuites name="MobileTestSuite" time="99" tests="0" failures="1" errors="0">
   <testsuite name="MobileTestSuite" tests="0" failures="1" errors="0" time="99" timestamp="2018-01-18 18:06:23" hostname="ENguli - LTTECH1550.safaricom.net" id="Test Suites/MobileTestSuite">
      <properties>
         <property name="deviceName" value="samsung SM-A720F 7.0"/>
         <property name="devicePlatform" value=""/>
         <property name="logFolder" value="C:\\Users\\enguli\\git\\KatalonStudioRepo\\Reports\\MobileTestSuite\\20180118_180621"/>
         <property name="logFiles" value="C:\\Users\\enguli\\git\\KatalonStudioRepo\\Reports\\MobileTestSuite\\20180118_180621\\appium.log, C:\\Users\\enguli\\git\\KatalonStudioRepo\\Reports\\MobileTestSuite\\20180118_180621\\execution0.log"/>
         <property name="attachments" value=""/>
         <property name="hostName" value="ENguli - LTTECH1550.safaricom.net"/>
         <property name="os" value="Windows 7 64bit"/>
         <property name="katalonVersion" value="5.2.0.1"/>
         <property name="deviceOS" value="Android"/>
         <property name="appiumVersion" value="1.7.1"/>
         <property name="deviceModel" value="SM-A720F"/>
         <property name="hostAddress" value="192.168.43.131"/>
         <property name="deviceManufacturer" value="samsung"/>
         <property name="deviceId" value="52107342b2c2839f"/>
         <property name="deviceName" value="samsung SM-A720F 7.0"/>
         <property name="deviceOSVersion" value="7.0"/>
      </properties>
      <testcase name="Test Cases/TC04" classname="Test Cases/TC04" status="FAILED">
         <failure type="FAILED" message="Unable to verify match between actual text 'Hello world!' and expected text 'Hello worldxxx' (Root cause: Actual text 'Hello world!' and expected text 'Hello worldxxx' are not matched)"/>
         <system-out><![CDATA[2018-01-18 18:06:24 - [TEST_CASE][FAILED] - Test Cases/TC04: Test Cases/TC04 FAILED because (of) Unable to verify match between actual text 'Hello world!' and expected text 'Hello worldxxx' (Root cause: Actual text 'Hello world!' and expected text 'Hello worldxxx' are not matched)

2018-01-18 18:06:24 - [TEST_STEP][PASSED] - startApplication: Started app at: 'D:\QA\APK\MaterialLoginExample.apk'

2018-01-18 18:07:30 - [MESSAGE][PASSED] - Started app at: 'D:\QA\APK\MaterialLoginExample.apk'

2018-01-18 18:07:30 - [TEST_STEP][PASSED] - tap: Tapped on element 'Object Repository/android.widget.EditText0'

2018-01-18 18:07:30 - [MESSAGE][WARNING] - Timeout '0' is invalid. Using default page load timeout: '30'

2018-01-18 18:07:32 - [MESSAGE][PASSED] - Tapped on element 'Object Repository/android.widget.EditText0'

2018-01-18 18:07:32 - [TEST_STEP][PASSED] - hideKeyboard: Keyboard is hidden

2018-01-18 18:07:34 - [MESSAGE][PASSED] - Keyboard is hidden

2018-01-18 18:07:34 - [TEST_STEP][PASSED] - setText: Text 'elsiebet@yahoo.com' has been set to element 'Object Repository/android.widget.EditText0 (1)'

2018-01-18 18:07:34 - [MESSAGE][WARNING] - Timeout '0' is invalid. Using default page load timeout: '30'

2018-01-18 18:07:41 - [MESSAGE][PASSED] - Text 'elsiebet@yahoo.com' has been set to element 'Object Repository/android.widget.EditText0 (1)'

2018-01-18 18:07:41 - [TEST_STEP][PASSED] - tap: Tapped on element 'Object Repository/android.widget.EditText1'

2018-01-18 18:07:41 - [MESSAGE][WARNING] - Timeout '0' is invalid. Using default page load timeout: '30'

2018-01-18 18:07:43 - [MESSAGE][PASSED] - Tapped on element 'Object Repository/android.widget.EditText1'

2018-01-18 18:07:43 - [TEST_STEP][PASSED] - hideKeyboard: Keyboard is hidden

2018-01-18 18:07:45 - [MESSAGE][PASSED] - Keyboard is hidden

2018-01-18 18:07:45 - [TEST_STEP][PASSED] - setText: Text 'Test' has been set to element 'Object Repository/android.widget.EditText1 (1)'

2018-01-18 18:07:45 - [MESSAGE][WARNING] - Timeout '0' is invalid. Using default page load timeout: '30'

2018-01-18 18:07:55 - [MESSAGE][PASSED] - Text 'Test' has been set to element 'Object Repository/android.widget.EditText1 (1)'

2018-01-18 18:07:55 - [TEST_STEP][PASSED] - tap: Tapped on element 'Object Repository/android.widget.Button0 - LOGIN'

2018-01-18 18:07:55 - [MESSAGE][WARNING] - Timeout '0' is invalid. Using default page load timeout: '30'

2018-01-18 18:07:58 - [MESSAGE][PASSED] - Tapped on element 'Object Repository/android.widget.Button0 - LOGIN'

2018-01-18 18:07:58 - [TEST_STEP][FAILED] - verifyMatch: Unable to verify match between actual text 'Hello world!' and expected text 'Hello worldxxx' (Root cause: Actual text 'Hello world!' and expected text 'Hello worldxxx' are not matched)

2018-01-18 18:07:58 - [MESSAGE][FAILED] - Unable to verify match between actual text 'Hello world!' and expected text 'Hello worldxxx' (Root cause: Actual text 'Hello world!' and expected text 'Hello worldxxx' are not matched)]]></system-out>
         <system-err><![CDATA[2018-01-18 18:06:24 - [TEST_CASE][FAILED] - Test Cases/TC04: Test Cases/TC04 FAILED because (of) Unable to verify match between actual text 'Hello world!' and expected text 'Hello worldxxx' (Root cause: Actual text 'Hello world!' and expected text 'Hello worldxxx' are not matched)]]></system-err>
      </testcase>
      <system-out><![CDATA[2018-01-18 18:06:23 - [TEST_SUITE][FAILED] - MobileTestSuite: Test Cases/TC04 FAILED because (of) Unable to verify match between actual text 'Hello world!' and expected text 'Hello worldxxx' (Root cause: Actual text 'Hello world!' and expected text 'Hello worldxxx' are not matched)]]></system-out>
      <system-err><![CDATA[2018-01-18 18:06:23 - [TEST_SUITE][FAILED] - MobileTestSuite: Test Cases/TC04 FAILED because (of) Unable to verify match between actual text 'Hello world!' and expected text 'Hello worldxxx' (Root cause: Actual text 'Hello world!' and expected text 'Hello worldxxx' are not matched)]]></system-err>
   </testsuite>
</testsuites>
