<?xml version="1.0" encoding="UTF-8"?>
<testsuites name="AutomationTestSuite1" time="97" tests="3" failures="0" errors="0">
   <testsuite name="AutomationTestSuite1" tests="3" failures="0" errors="0" time="97" timestamp="2018-01-18 17:13:47" hostname="ENguli - LTTECH1550.safaricom.net" id="Test Suites/AutomationTestSuite1">
      <properties>
         <property name="deviceName" value=""/>
         <property name="devicePlatform" value=""/>
         <property name="logFolder" value="C:\\Users\\enguli\\git\\KatalonStudioRepo\\Reports\\AutomationTestSuite1\\20180118_171342"/>
         <property name="logFiles" value="C:\\Users\\enguli\\git\\KatalonStudioRepo\\Reports\\AutomationTestSuite1\\20180118_171342\\execution0.log"/>
         <property name="attachments" value=""/>
         <property name="hostName" value="ENguli - LTTECH1550.safaricom.net"/>
         <property name="os" value="Windows 7 64bit"/>
         <property name="katalonVersion" value="5.2.0.1"/>
         <property name="browser" value="Chrome 63.0.3239.132"/>
         <property name="hostAddress" value="192.168.43.131"/>
         <property name="sessionId" value="219099236eedbc53ac7fb142556b311d"/>
         <property name="seleniumVersion" value="3.7.1"/>
         <property name="proxyInformation" value="ProxyInformation{proxyOption=NO_PROXY, proxyServerType=HTTP, password=, proxyServerAddress=, proxyServerPort=0}"/>
         <property name="platform" value="Windows 7"/>
      </properties>
      <testcase name="Test Cases/TC01" classname="Test Cases/TC01" status="PASSED">
         <system-out><![CDATA[2018-01-18 17:13:48 - [TEST_CASE][PASSED] - Test Cases/TC01: Test Cases/TC01

2018-01-18 17:13:48 - [TEST_STEP][PASSED] - Statement - For ([row = 1, row <= com.kms.katalon.core.testdata.TestDataFactory.findTestData(HRM_Login_Creds).getRowNumbers(), (row++)]): Browser is closed

2018-01-18 17:13:50 - [TEST_STEP][PASSED] - openBrowser: Browser is opened with url: ''

2018-01-18 17:14:10 - [MESSAGE][PASSED] - Browser is opened with url: ''

2018-01-18 17:14:10 - [TEST_STEP][PASSED] - navigateToUrl: Navigate to 'http://opensource.demo.orangehrmlive.com/' successfully

2018-01-18 17:14:15 - [MESSAGE][PASSED] - Navigate to 'http://opensource.demo.orangehrmlive.com/' successfully

2018-01-18 17:14:15 - [TEST_STEP][PASSED] - click: Object: 'Object Repository/Page_OrangeHRM/span_Username' is clicked on

2018-01-18 17:14:15 - [MESSAGE][PASSED] - Object: 'Object Repository/Page_OrangeHRM/span_Username' is clicked on

2018-01-18 17:14:15 - [TEST_STEP][PASSED] - setText: Text 'test' is set on object 'Object Repository/Page_OrangeHRM/input_txtUsername'

2018-01-18 17:14:15 - [MESSAGE][PASSED] - Text 'test' is set on object 'Object Repository/Page_OrangeHRM/input_txtUsername'

2018-01-18 17:14:15 - [TEST_STEP][PASSED] - setText: Text 'test' is set on object 'Object Repository/Page_OrangeHRM/input_txtPassword'

2018-01-18 17:14:15 - [MESSAGE][PASSED] - Text 'test' is set on object 'Object Repository/Page_OrangeHRM/input_txtPassword'

2018-01-18 17:14:15 - [TEST_STEP][PASSED] - click: Object: 'Object Repository/Page_OrangeHRM/input_Submit' is clicked on

2018-01-18 17:14:18 - [MESSAGE][PASSED] - Object: 'Object Repository/Page_OrangeHRM/input_Submit' is clicked on

2018-01-18 17:14:18 - [TEST_STEP][PASSED] - verifyTextPresent: Text 'Invalid credentials' is present on page 

2018-01-18 17:14:18 - [MESSAGE][PASSED] - Text 'Invalid credentials' is present on page 

2018-01-18 17:14:18 - [TEST_STEP][PASSED] - closeBrowser: Browser is closed

2018-01-18 17:14:19 - [MESSAGE][PASSED] - Browser is closed

2018-01-18 17:14:19 - [TEST_STEP][PASSED] - openBrowser: Browser is opened with url: ''

2018-01-18 17:14:23 - [MESSAGE][PASSED] - Browser is opened with url: ''

2018-01-18 17:14:23 - [TEST_STEP][PASSED] - navigateToUrl: Navigate to 'http://opensource.demo.orangehrmlive.com/' successfully

2018-01-18 17:14:27 - [MESSAGE][PASSED] - Navigate to 'http://opensource.demo.orangehrmlive.com/' successfully

2018-01-18 17:14:27 - [TEST_STEP][PASSED] - click: Object: 'Object Repository/Page_OrangeHRM/span_Username' is clicked on

2018-01-18 17:14:27 - [MESSAGE][PASSED] - Object: 'Object Repository/Page_OrangeHRM/span_Username' is clicked on

2018-01-18 17:14:27 - [TEST_STEP][PASSED] - setText: Text 'Admin' is set on object 'Object Repository/Page_OrangeHRM/input_txtUsername'

2018-01-18 17:14:27 - [MESSAGE][PASSED] - Text 'Admin' is set on object 'Object Repository/Page_OrangeHRM/input_txtUsername'

2018-01-18 17:14:27 - [TEST_STEP][PASSED] - setText: Text 'admin' is set on object 'Object Repository/Page_OrangeHRM/input_txtPassword'

2018-01-18 17:14:28 - [MESSAGE][PASSED] - Text 'admin' is set on object 'Object Repository/Page_OrangeHRM/input_txtPassword'

2018-01-18 17:14:28 - [TEST_STEP][PASSED] - click: Object: 'Object Repository/Page_OrangeHRM/input_Submit' is clicked on

2018-01-18 17:14:32 - [MESSAGE][PASSED] - Object: 'Object Repository/Page_OrangeHRM/input_Submit' is clicked on

2018-01-18 17:14:32 - [TEST_STEP][PASSED] - verifyTextPresent: Text 'Welcome Admin' is present on page 

2018-01-18 17:14:32 - [MESSAGE][PASSED] - Text 'Welcome Admin' is present on page 

2018-01-18 17:14:32 - [TEST_STEP][PASSED] - closeBrowser: Browser is closed

2018-01-18 17:14:33 - [MESSAGE][PASSED] - Browser is closed

2018-01-18 17:14:33 - [TEST_STEP][PASSED] - openBrowser: Browser is opened with url: ''

2018-01-18 17:14:37 - [MESSAGE][PASSED] - Browser is opened with url: ''

2018-01-18 17:14:37 - [TEST_STEP][PASSED] - navigateToUrl: Navigate to 'http://opensource.demo.orangehrmlive.com/' successfully

2018-01-18 17:14:41 - [MESSAGE][PASSED] - Navigate to 'http://opensource.demo.orangehrmlive.com/' successfully

2018-01-18 17:14:41 - [TEST_STEP][PASSED] - click: Object: 'Object Repository/Page_OrangeHRM/span_Username' is clicked on

2018-01-18 17:14:41 - [MESSAGE][PASSED] - Object: 'Object Repository/Page_OrangeHRM/span_Username' is clicked on

2018-01-18 17:14:41 - [TEST_STEP][PASSED] - setText: Text 'Admin' is set on object 'Object Repository/Page_OrangeHRM/input_txtUsername'

2018-01-18 17:14:41 - [MESSAGE][PASSED] - Text 'Admin' is set on object 'Object Repository/Page_OrangeHRM/input_txtUsername'

2018-01-18 17:14:41 - [TEST_STEP][PASSED] - setText: Text '' is set on object 'Object Repository/Page_OrangeHRM/input_txtPassword'

2018-01-18 17:14:41 - [MESSAGE][PASSED] - Text '' is set on object 'Object Repository/Page_OrangeHRM/input_txtPassword'

2018-01-18 17:14:41 - [TEST_STEP][PASSED] - click: Object: 'Object Repository/Page_OrangeHRM/input_Submit' is clicked on

2018-01-18 17:14:41 - [MESSAGE][PASSED] - Object: 'Object Repository/Page_OrangeHRM/input_Submit' is clicked on

2018-01-18 17:14:41 - [TEST_STEP][PASSED] - verifyTextPresent: Text 'Password cannot be empty' is present on page 

2018-01-18 17:14:41 - [MESSAGE][PASSED] - Text 'Password cannot be empty' is present on page 

2018-01-18 17:14:41 - [TEST_STEP][PASSED] - closeBrowser: Browser is closed

2018-01-18 17:14:42 - [MESSAGE][PASSED] - Browser is closed

2018-01-18 17:14:42 - [TEST_STEP][PASSED] - openBrowser: Browser is opened with url: ''

2018-01-18 17:14:45 - [MESSAGE][PASSED] - Browser is opened with url: ''

2018-01-18 17:14:45 - [TEST_STEP][PASSED] - navigateToUrl: Navigate to 'http://opensource.demo.orangehrmlive.com/' successfully

2018-01-18 17:14:49 - [MESSAGE][PASSED] - Navigate to 'http://opensource.demo.orangehrmlive.com/' successfully

2018-01-18 17:14:49 - [TEST_STEP][PASSED] - click: Object: 'Object Repository/Page_OrangeHRM/span_Username' is clicked on

2018-01-18 17:14:54 - [MESSAGE][PASSED] - Object: 'Object Repository/Page_OrangeHRM/span_Username' is clicked on

2018-01-18 17:14:54 - [TEST_STEP][PASSED] - setText: Text '' is set on object 'Object Repository/Page_OrangeHRM/input_txtUsername'

2018-01-18 17:14:54 - [MESSAGE][PASSED] - Text '' is set on object 'Object Repository/Page_OrangeHRM/input_txtUsername'

2018-01-18 17:14:54 - [TEST_STEP][PASSED] - setText: Text 'admin' is set on object 'Object Repository/Page_OrangeHRM/input_txtPassword'

2018-01-18 17:14:55 - [MESSAGE][PASSED] - Text 'admin' is set on object 'Object Repository/Page_OrangeHRM/input_txtPassword'

2018-01-18 17:14:55 - [TEST_STEP][PASSED] - click: Object: 'Object Repository/Page_OrangeHRM/input_Submit' is clicked on

2018-01-18 17:15:00 - [MESSAGE][PASSED] - Object: 'Object Repository/Page_OrangeHRM/input_Submit' is clicked on

2018-01-18 17:15:00 - [TEST_STEP][PASSED] - verifyTextPresent: Text 'Username cannot be empty' is present on page 

2018-01-18 17:15:00 - [MESSAGE][PASSED] - Text 'Username cannot be empty' is present on page 

2018-01-18 17:15:00 - [TEST_STEP][PASSED] - closeBrowser: Browser is closed

2018-01-18 17:15:00 - [MESSAGE][PASSED] - Browser is closed]]></system-out>
         <system-err><![CDATA[]]></system-err>
      </testcase>
      <testcase name="Test Cases/TC02" classname="Test Cases/TC02" status="PASSED">
         <system-out><![CDATA[2018-01-18 17:15:01 - [TEST_CASE][PASSED] - Test Cases/TC02: Test Cases/TC02

2018-01-18 17:15:01 - [TEST_STEP][PASSED] - Statement - row = <not implemented yet for class: org.codehaus.groovy.ast.expr.EmptyExpression>: null

2018-01-18 17:15:01 - [TEST_STEP][PASSED] - Statement - For ([row = 1, row <= com.kms.katalon.core.testdata.TestDataFactory.findTestData(New Test Data for Test Case).getRowNumbers(), (row++)]): Reading excel file with source file 'D:\QA\Book1.xlsx' and sheet name 'Sheet1'

2018-01-18 17:15:01 - [TEST_STEP][PASSED] - openBrowser: Browser is opened with url: ''

2018-01-18 17:15:04 - [MESSAGE][PASSED] - Browser is opened with url: ''

2018-01-18 17:15:04 - [TEST_STEP][PASSED] - navigateToUrl: Navigate to 'http://executeautomation.com/demosite/Login.html' successfully

2018-01-18 17:15:08 - [MESSAGE][PASSED] - Navigate to 'http://executeautomation.com/demosite/Login.html' successfully

2018-01-18 17:15:08 - [TEST_STEP][PASSED] - Statement - Login(com.kms.katalon.core.testdata.TestDataFactory.findTestData(New Test Data for Test Case).getValue("UserName", row), com.kms.katalon.core.testdata.TestDataFactory.findTestData(New Test Data for Test Case).getValue("Password", row)): Reading excel file with source file 'D:\QA\Book1.xlsx' and sheet name 'Sheet1'

2018-01-18 17:15:08 - [TEST_STEP][PASSED] - setText: Text 'admin' is set on object 'Object Repository/Page_Execute Automation/input_UserName'

2018-01-18 17:15:09 - [MESSAGE][PASSED] - Text 'admin' is set on object 'Object Repository/Page_Execute Automation/input_UserName'

2018-01-18 17:15:09 - [TEST_STEP][PASSED] - setText: Reading excel file with source file 'D:\QA\Book1.xlsx' and sheet name 'Sheet1'

2018-01-18 17:15:09 - [MESSAGE][PASSED] - Text 'admin' is set on object 'Object Repository/Page_Execute Automation/input_Password'

2018-01-18 17:15:09 - [TEST_STEP][PASSED] - click: Object: 'Object Repository/Page_Execute Automation/input_Login' is clicked on

2018-01-18 17:15:09 - [MESSAGE][PASSED] - Object: 'Object Repository/Page_Execute Automation/input_Login' is clicked on

2018-01-18 17:15:09 - [TEST_STEP][PASSED] - selectOptionByValue: All options with value '2' are selected in object 'Object Repository/Page_Execute Automation/select_TitleId'  using regular expression

2018-01-18 17:15:09 - [MESSAGE][PASSED] - All options with value '2' are selected in object 'Object Repository/Page_Execute Automation/select_TitleId'  using regular expression

2018-01-18 17:15:09 - [TEST_STEP][PASSED] - setText: Text 'LL' is set on object 'Object Repository/Page_Execute Automation/input_Initial'

2018-01-18 17:15:10 - [MESSAGE][PASSED] - Text 'LL' is set on object 'Object Repository/Page_Execute Automation/input_Initial'

2018-01-18 17:15:10 - [TEST_STEP][PASSED] - com.lisa.utilities.CommonUtilities.CheckDropDownListElementExist: com.lisa.utilities.CommonUtilities.CheckDropDownListElementExist is PASSED

2018-01-18 17:15:10 - [MESSAGE][PASSED] - com.lisa.utilities.CommonUtilities.CheckDropDownListElementExist is PASSED

2018-01-18 17:15:10 - [TEST_STEP][PASSED] - setText: Text 'Lisa' is set on object 'Object Repository/Page_Execute Automation/input_FirstName'

2018-01-18 17:15:10 - [MESSAGE][PASSED] - Text 'Lisa' is set on object 'Object Repository/Page_Execute Automation/input_FirstName'

2018-01-18 17:15:10 - [TEST_STEP][PASSED] - setText: Text 'Automation' is set on object 'Object Repository/Page_Execute Automation/input_MiddleName'

2018-01-18 17:15:10 - [MESSAGE][PASSED] - Text 'Automation' is set on object 'Object Repository/Page_Execute Automation/input_MiddleName'

2018-01-18 17:15:10 - [TEST_STEP][PASSED] - click: Object: 'Object Repository/Page_Execute Automation/input_Female' is clicked on

2018-01-18 17:15:10 - [MESSAGE][PASSED] - Object: 'Object Repository/Page_Execute Automation/input_Female' is clicked on

2018-01-18 17:15:10 - [TEST_STEP][PASSED] - click: Object: 'Object Repository/Page_Execute Automation/input_Save' is clicked on

2018-01-18 17:15:10 - [MESSAGE][PASSED] - Object: 'Object Repository/Page_Execute Automation/input_Save' is clicked on

2018-01-18 17:15:10 - [TEST_STEP][PASSED] - click: Object: 'Object Repository/Page_Execute Automation/a_HtmlPopup' is clicked on

2018-01-18 17:15:11 - [MESSAGE][PASSED] - Object: 'Object Repository/Page_Execute Automation/a_HtmlPopup' is clicked on

2018-01-18 17:15:11 - [TEST_STEP][PASSED] - switchToWindowTitle: Switched to window with title: 'Popup Window'

2018-01-18 17:15:12 - [MESSAGE][PASSED] - Switched to window with title: 'Popup Window'

2018-01-18 17:15:12 - [TEST_STEP][PASSED] - selectOptionByValue: All options with value '2' are selected in object 'Object Repository/Page_Popup Window/select_TitleId'  using regular expression

2018-01-18 17:15:12 - [MESSAGE][PASSED] - All options with value '2' are selected in object 'Object Repository/Page_Popup Window/select_TitleId'  using regular expression

2018-01-18 17:15:12 - [TEST_STEP][PASSED] - setText: Text 'Merc' is set on object 'Object Repository/Page_Popup Window/input_FirstName'

2018-01-18 17:15:13 - [MESSAGE][PASSED] - Text 'Merc' is set on object 'Object Repository/Page_Popup Window/input_FirstName'

2018-01-18 17:15:13 - [TEST_STEP][PASSED] - setText: Text 'mm' is set on object 'Object Repository/Page_Popup Window/input_MiddleName'

2018-01-18 17:15:13 - [MESSAGE][PASSED] - Text 'mm' is set on object 'Object Repository/Page_Popup Window/input_MiddleName'

2018-01-18 17:15:13 - [TEST_STEP][PASSED] - setText: Text 'mm' is set on object 'Object Repository/Page_Popup Window/input_LastName'

2018-01-18 17:15:14 - [MESSAGE][PASSED] - Text 'mm' is set on object 'Object Repository/Page_Popup Window/input_LastName'

2018-01-18 17:15:14 - [TEST_STEP][PASSED] - setText: Text 'mm' is set on object 'Object Repository/Page_Popup Window/input_Initial'

2018-01-18 17:15:14 - [MESSAGE][PASSED] - Text 'mm' is set on object 'Object Repository/Page_Popup Window/input_Initial'

2018-01-18 17:15:14 - [TEST_STEP][PASSED] - selectOptionByValue: All options with value '4' are selected in object 'Object Repository/Page_Popup Window/select_Country'  using regular expression

2018-01-18 17:15:14 - [MESSAGE][PASSED] - All options with value '4' are selected in object 'Object Repository/Page_Popup Window/select_Country'  using regular expression

2018-01-18 17:15:14 - [TEST_STEP][PASSED] - click: Object: 'Object Repository/Page_Popup Window/input_Save' is clicked on

2018-01-18 17:15:14 - [MESSAGE][PASSED] - Object: 'Object Repository/Page_Popup Window/input_Save' is clicked on

2018-01-18 17:15:14 - [TEST_STEP][PASSED] - switchToWindowTitle: Switched to window with title: 'Execute Automation'

2018-01-18 17:15:14 - [MESSAGE][PASSED] - Switched to window with title: 'Execute Automation'

2018-01-18 17:15:14 - [TEST_STEP][PASSED] - click: Object: 'Object Repository/Page_Execute Automation/input_generate' is clicked on

2018-01-18 17:15:14 - [MESSAGE][PASSED] - Object: 'Object Repository/Page_Execute Automation/input_generate' is clicked on

2018-01-18 17:15:14 - [TEST_STEP][PASSED] - openBrowser: Browser is opened with url: ''

2018-01-18 17:15:14 - [MESSAGE][WARNING] - A browser is already opened. Closing browser and opening a new one

2018-01-18 17:15:18 - [MESSAGE][PASSED] - Browser is opened with url: ''

2018-01-18 17:15:18 - [TEST_STEP][PASSED] - navigateToUrl: Navigate to 'http://executeautomation.com/demosite/Login.html' successfully

2018-01-18 17:15:20 - [MESSAGE][PASSED] - Navigate to 'http://executeautomation.com/demosite/Login.html' successfully

2018-01-18 17:15:20 - [TEST_STEP][PASSED] - Statement - Login(com.kms.katalon.core.testdata.TestDataFactory.findTestData(New Test Data for Test Case).getValue("UserName", row), com.kms.katalon.core.testdata.TestDataFactory.findTestData(New Test Data for Test Case).getValue("Password", row)): Reading excel file with source file 'D:\QA\Book1.xlsx' and sheet name 'Sheet1'

2018-01-18 17:15:21 - [TEST_STEP][PASSED] - setText: Text 'admin1' is set on object 'Object Repository/Page_Execute Automation/input_UserName'

2018-01-18 17:15:21 - [MESSAGE][PASSED] - Text 'admin1' is set on object 'Object Repository/Page_Execute Automation/input_UserName'

2018-01-18 17:15:21 - [TEST_STEP][PASSED] - setText: Object: 'Object Repository/Page_Execute Automation/input_generate' is clicked on

2018-01-18 17:15:21 - [MESSAGE][PASSED] - Text 'admin1' is set on object 'Object Repository/Page_Execute Automation/input_Password'

2018-01-18 17:15:21 - [TEST_STEP][PASSED] - click: Object: 'Object Repository/Page_Execute Automation/input_Login' is clicked on

2018-01-18 17:15:21 - [MESSAGE][PASSED] - Object: 'Object Repository/Page_Execute Automation/input_Login' is clicked on

2018-01-18 17:15:21 - [TEST_STEP][PASSED] - selectOptionByValue: All options with value '2' are selected in object 'Object Repository/Page_Execute Automation/select_TitleId'  using regular expression

2018-01-18 17:15:21 - [MESSAGE][PASSED] - All options with value '2' are selected in object 'Object Repository/Page_Execute Automation/select_TitleId'  using regular expression

2018-01-18 17:15:21 - [TEST_STEP][PASSED] - setText: Text 'LL1' is set on object 'Object Repository/Page_Execute Automation/input_Initial'

2018-01-18 17:15:22 - [MESSAGE][PASSED] - Text 'LL1' is set on object 'Object Repository/Page_Execute Automation/input_Initial'

2018-01-18 17:15:22 - [TEST_STEP][PASSED] - com.lisa.utilities.CommonUtilities.CheckDropDownListElementExist: com.lisa.utilities.CommonUtilities.CheckDropDownListElementExist is PASSED

2018-01-18 17:15:22 - [MESSAGE][PASSED] - com.lisa.utilities.CommonUtilities.CheckDropDownListElementExist is PASSED

2018-01-18 17:15:22 - [TEST_STEP][PASSED] - setText: Text 'Lisa1' is set on object 'Object Repository/Page_Execute Automation/input_FirstName'

2018-01-18 17:15:22 - [MESSAGE][PASSED] - Text 'Lisa1' is set on object 'Object Repository/Page_Execute Automation/input_FirstName'

2018-01-18 17:15:22 - [TEST_STEP][PASSED] - setText: Text 'Automation1' is set on object 'Object Repository/Page_Execute Automation/input_MiddleName'

2018-01-18 17:15:22 - [MESSAGE][PASSED] - Text 'Automation1' is set on object 'Object Repository/Page_Execute Automation/input_MiddleName'

2018-01-18 17:15:22 - [TEST_STEP][PASSED] - click: Object: 'Object Repository/Page_Execute Automation/input_Female' is clicked on

2018-01-18 17:15:22 - [MESSAGE][PASSED] - Object: 'Object Repository/Page_Execute Automation/input_Female' is clicked on

2018-01-18 17:15:22 - [TEST_STEP][PASSED] - click: Object: 'Object Repository/Page_Execute Automation/input_Save' is clicked on

2018-01-18 17:15:22 - [MESSAGE][PASSED] - Object: 'Object Repository/Page_Execute Automation/input_Save' is clicked on

2018-01-18 17:15:22 - [TEST_STEP][PASSED] - click: Object: 'Object Repository/Page_Execute Automation/a_HtmlPopup' is clicked on

2018-01-18 17:15:22 - [MESSAGE][PASSED] - Object: 'Object Repository/Page_Execute Automation/a_HtmlPopup' is clicked on

2018-01-18 17:15:22 - [TEST_STEP][PASSED] - switchToWindowTitle: Switched to window with title: 'Popup Window'

2018-01-18 17:15:23 - [MESSAGE][PASSED] - Switched to window with title: 'Popup Window'

2018-01-18 17:15:23 - [TEST_STEP][PASSED] - selectOptionByValue: All options with value '2' are selected in object 'Object Repository/Page_Popup Window/select_TitleId'  using regular expression

2018-01-18 17:15:24 - [MESSAGE][PASSED] - All options with value '2' are selected in object 'Object Repository/Page_Popup Window/select_TitleId'  using regular expression

2018-01-18 17:15:24 - [TEST_STEP][PASSED] - setText: Text 'Merc' is set on object 'Object Repository/Page_Popup Window/input_FirstName'

2018-01-18 17:15:24 - [MESSAGE][PASSED] - Text 'Merc' is set on object 'Object Repository/Page_Popup Window/input_FirstName'

2018-01-18 17:15:24 - [TEST_STEP][PASSED] - setText: Text 'mm' is set on object 'Object Repository/Page_Popup Window/input_MiddleName'

2018-01-18 17:15:24 - [MESSAGE][PASSED] - Text 'mm' is set on object 'Object Repository/Page_Popup Window/input_MiddleName'

2018-01-18 17:15:24 - [TEST_STEP][PASSED] - setText: Text 'mm' is set on object 'Object Repository/Page_Popup Window/input_LastName'

2018-01-18 17:15:24 - [MESSAGE][PASSED] - Text 'mm' is set on object 'Object Repository/Page_Popup Window/input_LastName'

2018-01-18 17:15:24 - [TEST_STEP][PASSED] - setText: Text 'mm' is set on object 'Object Repository/Page_Popup Window/input_Initial'

2018-01-18 17:15:24 - [MESSAGE][PASSED] - Text 'mm' is set on object 'Object Repository/Page_Popup Window/input_Initial'

2018-01-18 17:15:24 - [TEST_STEP][PASSED] - selectOptionByValue: All options with value '4' are selected in object 'Object Repository/Page_Popup Window/select_Country'  using regular expression

2018-01-18 17:15:24 - [MESSAGE][PASSED] - All options with value '4' are selected in object 'Object Repository/Page_Popup Window/select_Country'  using regular expression

2018-01-18 17:15:24 - [TEST_STEP][PASSED] - click: Object: 'Object Repository/Page_Popup Window/input_Save' is clicked on

2018-01-18 17:15:24 - [MESSAGE][PASSED] - Object: 'Object Repository/Page_Popup Window/input_Save' is clicked on

2018-01-18 17:15:24 - [TEST_STEP][PASSED] - switchToWindowTitle: Switched to window with title: 'Execute Automation'

2018-01-18 17:15:24 - [MESSAGE][PASSED] - Switched to window with title: 'Execute Automation'

2018-01-18 17:15:24 - [TEST_STEP][PASSED] - click: Object: 'Object Repository/Page_Execute Automation/input_generate' is clicked on

2018-01-18 17:15:24 - [MESSAGE][PASSED] - Object: 'Object Repository/Page_Execute Automation/input_generate' is clicked on]]></system-out>
         <system-err><![CDATA[]]></system-err>
      </testcase>
      <testcase name="Test Cases/TC03" classname="Test Cases/TC03" status="PASSED">
         <system-out><![CDATA[2018-01-18 17:15:24 - [TEST_CASE][PASSED] - Test Cases/TC03: Test Cases/TC03

2018-01-18 17:15:24 - [TEST_STEP][PASSED] - Statement - return null: null]]></system-out>
         <system-err><![CDATA[]]></system-err>
      </testcase>
      <system-out><![CDATA[2018-01-18 17:13:47 - [TEST_SUITE][PASSED] - AutomationTestSuite1: Test Cases/TC03]]></system-out>
      <system-err><![CDATA[]]></system-err>
   </testsuite>
</testsuites>
